<?xml version="1.0" encoding="UTF-8"?>
<!-- Generated by org.testng.reporters.JUnitReportReporter -->
<testsuite skipped="0" hostname="DESKTOP-PALJ1JJ" name="org.example.testRunner.runners" tests="19" failures="2" timestamp="2022-08-19T17:52:59 EET" time="378.939" errors="1">
  <testcase name="runScenario" time="16.868" classname="org.example.testRunner.runners"/>
  <system-out/>
  <testcase name="runScenario" time="16.497" classname="org.example.testRunner.runners"/>
  <system-out/>
  <testcase name="runScenario" time="17.092" classname="org.example.testRunner.runners"/>
  <system-out/>
  <testcase name="runScenario" time="16.581" classname="org.example.testRunner.runners">
    <failure type="java.lang.AssertionError" message="expected [https://demo.nopcommerce.com/nokia-lumia-1020] but found [https://demo.nopcommerce.com/]">
      <![CDATA[java.lang.AssertionError: expected [https://demo.nopcommerce.com/nokia-lumia-1020] but found [https://demo.nopcommerce.com/]
at org.testng.Assert.fail(Assert.java:110)
at org.testng.Assert.failNotEquals(Assert.java:1413)
at org.testng.Assert.assertEqualsImpl(Assert.java:149)
at org.testng.Assert.assertEquals(Assert.java:131)
at org.testng.Assert.assertEquals(Assert.java:655)
at org.testng.Assert.assertEquals(Assert.java:665)
at org.example.stepDefs.D06_homeSlidersStepDef.userGoToNokiaLumiaPage(D06_homeSlidersStepDef.java:34)
at ✽.user go to Nokia Lumia 1020 page(file:///D:/MY%20Brojct/demonopcommerce/src/main/resources/features/F06_homeSliders.feature:6)
]]>
    </failure>
  </testcase> <!-- runScenario -->
  <system-out/>
  <testcase name="runScenario" time="17.393" classname="org.example.testRunner.runners"/>
  <system-out/>
  <testcase name="runScenario" time="19.906" classname="org.example.testRunner.runners"/>
  <system-out/>
  <testcase name="runScenario" time="29.166" classname="org.example.testRunner.runners"/>
  <system-out/>
  <testcase name="runScenario" time="16.717" classname="org.example.testRunner.runners"/>
  <system-out/>
  <testcase name="runScenario" time="27.967" classname="org.example.testRunner.runners"/>
  <system-out/>
  <testcase name="runScenario" time="37.719" classname="org.example.testRunner.runners"/>
  <system-out/>
  <testcase name="runScenario" time="17.577" classname="org.example.testRunner.runners"/>
  <system-out/>
  <testcase name="runScenario" time="16.342" classname="org.example.testRunner.runners">
    <failure type="java.lang.AssertionError" message="expected [https://demo.nopcommerce.com/iphone-6] but found [https://demo.nopcommerce.com/]">
      <![CDATA[java.lang.AssertionError: expected [https://demo.nopcommerce.com/iphone-6] but found [https://demo.nopcommerce.com/]
at org.testng.Assert.fail(Assert.java:110)
at org.testng.Assert.failNotEquals(Assert.java:1413)
at org.testng.Assert.assertEqualsImpl(Assert.java:149)
at org.testng.Assert.assertEquals(Assert.java:131)
at org.testng.Assert.assertEquals(Assert.java:655)
at org.testng.Assert.assertEquals(Assert.java:665)
at org.example.stepDefs.D06_homeSlidersStepDef.userGoToIPhonePage(D06_homeSlidersStepDef.java:28)
at ✽.user go to iPhone  page(file:///D:/MY%20Brojct/demonopcommerce/src/main/resources/features/F06_homeSliders.feature:11)
]]>
    </failure>
  </testcase> <!-- runScenario -->
  <system-out/>
  <testcase name="runScenario" time="17.541" classname="org.example.testRunner.runners"/>
  <system-out/>
  <testcase name="runScenario" time="17.164" classname="org.example.testRunner.runners"/>
  <system-out/>
  <testcase name="runScenario" time="24.833" classname="org.example.testRunner.runners"/>
  <system-out/>
  <testcase name="runScenario" time="18.049" classname="org.example.testRunner.runners"/>
  <system-out/>
  <testcase name="runScenario" time="17.395" classname="org.example.testRunner.runners">
    <error type="java.lang.IndexOutOfBoundsException" message="Index: 1, Size: 1">
      <![CDATA[java.lang.IndexOutOfBoundsException: Index: 1, Size: 1
at java.util.ArrayList.rangeCheck(ArrayList.java:659)
at java.util.ArrayList.get(ArrayList.java:435)
at org.example.stepDefs.D07_followUsStepDef.userOpensRssLink(D07_followUsStepDef.java:40)
at ✽.user opens rss link(file:///D:/MY%20Brojct/demonopcommerce/src/main/resources/features/F07_followUs.feature:15)
]]>
    </error>
  </testcase> <!-- runScenario -->
  <system-out/>
  <testcase name="runScenario" time="17.399" classname="org.example.testRunner.runners"/>
  <system-out/>
  <testcase name="runScenario" time="16.733" classname="org.example.testRunner.runners"/>
  <system-out/>
</testsuite> <!-- org.example.testRunner.runners -->
